<?xml version="1.0" encoding="UTF-8"?>
<testng-results ignored="0" total="3" passed="3" failed="0" skipped="0">
  <reporter-output>
  </reporter-output>
  <suite started-at="2021-08-01T14:46:19 IST" name="GutenBerg" finished-at="2021-08-01T14:46:47 IST" duration-ms="27566">
    <groups>
    </groups>
    <test started-at="2021-08-01T14:46:19 IST" name="GutenBerg Project Test" finished-at="2021-08-01T14:46:47 IST" duration-ms="27566">
      <class name="com.gutenbergProject.testCases.TC_HomePageTest_001">
        <test-method is-config="true" signature="setup(java.lang.String)[pri:0, instance:com.gutenbergProject.testCases.TC_HomePageTest_001@222114ba]" started-at="2021-08-01T14:46:19 IST" name="setup" finished-at="2021-08-01T14:46:22 IST" duration-ms="2829" status="PASS">
          <params>
            <param index="0">
              <value>
                <![CDATA[Chrome]]>
              </value>
            </param>
          </params>
          <reporter-output>
          </reporter-output>
        </test-method> <!-- setup -->
        <test-method signature="getPageTitle()[pri:1, instance:com.gutenbergProject.testCases.TC_HomePageTest_001@222114ba]" started-at="2021-08-01T14:46:22 IST" name="getPageTitle" finished-at="2021-08-01T14:46:26 IST" duration-ms="3705" status="PASS">
          <reporter-output>
          </reporter-output>
        </test-method> <!-- getPageTitle -->
        <test-method signature="getpageHeader()[pri:2, instance:com.gutenbergProject.testCases.TC_HomePageTest_001@222114ba]" started-at="2021-08-01T14:46:26 IST" name="getpageHeader" finished-at="2021-08-01T14:46:26 IST" duration-ms="48" status="PASS">
          <reporter-output>
          </reporter-output>
        </test-method> <!-- getpageHeader -->
        <test-method signature="verifyValidLinks()[pri:3, instance:com.gutenbergProject.testCases.TC_HomePageTest_001@222114ba]" started-at="2021-08-01T14:46:26 IST" name="verifyValidLinks" finished-at="2021-08-01T14:46:46 IST" duration-ms="20004" status="PASS">
          <reporter-output>
          </reporter-output>
        </test-method> <!-- verifyValidLinks -->
        <test-method is-config="true" signature="tearDown()[pri:0, instance:com.gutenbergProject.testCases.TC_HomePageTest_001@222114ba]" started-at="2021-08-01T14:46:46 IST" name="tearDown" finished-at="2021-08-01T14:46:47 IST" duration-ms="956" status="PASS">
          <reporter-output>
          </reporter-output>
        </test-method> <!-- tearDown -->
      </class> <!-- com.gutenbergProject.testCases.TC_HomePageTest_001 -->
    </test> <!-- GutenBerg Project Test -->
  </suite> <!-- GutenBerg -->
</testng-results>
