<?xml version="1.0" encoding="UTF-8"?>
<!-- Generated by org.testng.reporters.JUnitXMLReporter -->
<testsuite ignored="0" hostname="LT-RoshanGujar" failures="0" tests="3" name="GutenBerg Project Test" time="27.566" errors="0" timestamp="2021-08-01T14:46:47 IST">
  <testcase classname="com.gutenbergProject.testCases.TC_HomePageTest_001" name="getPageTitle" time="3.705"/>
  <testcase classname="com.gutenbergProject.testCases.TC_HomePageTest_001" name="getpageHeader" time="0.048"/>
  <testcase classname="com.gutenbergProject.testCases.TC_HomePageTest_001" name="verifyValidLinks" time="20.004"/>
</testsuite> <!-- GutenBerg Project Test -->
